Extraction started...
Reading file - filepath: /home/damian/Downloads/10.1016_j.apcata.2019.117340_HETERO.jpg 
Established reactant and product sides of an arrow.
Number of pixel on reactants side: 1574 
product side: 1978 
Arrow accepted!
Detected 1 arrows
found in-crop skel_pixel ratio: 0.013211565979703613
found in-crop skel_pixel ratio: 0.01225129473910311
Structure segmentation kernels:dict_values([10.0, 11.0])
Roles of structure auxiliaries have been assigned.
Found 2 panels of chemical diagrams
Finding center of an arrow...
Found an arrow with geometric center at (128, 834)
Possible center pixels: [(831, 125), (831, 126), (831, 127), (831, 128), (831, 129), (832, 125), (832, 126), (832, 127), (832, 128), (832, 129), (833, 125), (833, 126), (833, 127), (833, 128), (833, 129), (834, 125), (834, 126), (834, 127), (834, 128), (834, 129), (835, 125), (835, 126), (835, 127), (835, 128), (835, 129), (836, 125), (836, 126), (836, 127), (836, 128), (836, 129), (837, 125), (837, 126), (837, 127), (837, 128), (837, 129)]
Center pixel found: (127, 834)
Tagged sentence: MIL-101(Cr)-NO2
Confidence in OCR: 85.2652816772461
Tagged sentence: n-dodecane or
Confidence in OCR: 94.37425231933594
Tagged sentence: commercial diesel
Confidence in OCR: 96.17711639404297
Confidence in OCR: 92.44309997558594
Length of blacklisted : 0
Length of output panels : 0
Confidence in OCR: 75.45193481445312
Length of blacklisted : 0
Length of output panels : 0
Extraction started...
Reading file - filepath: /home/damian/Desktop/rdeweb/uploads/f992a1b1-5d31-4d2e-b8db-e0281fc28e88.jpg 
Extraction started...
Extraction started...
Extraction started...
Detected 1 arrows
Extraction started...
Extraction started...
Reading file - filepath: /home/damian/Desktop/rdeweb/uploads/e101a09e-9e05-48d5-be30-3714ef43f8ae.jpg 
Reading file - filepath: /home/damian/Desktop/rdeweb/uploads/9c4acc61-6e20-43d9-9649-074084f42833.jpg 
Extraction started...
Reading file - filepath: /home/damian/Desktop/rdeweb/uploads/9f8b15cc-a681-4201-81dd-2a28b1c985af.jpg 
Extraction started...
Reading file - filepath: /home/damian/Desktop/rdeweb/uploads/9367278f-2277-4f41-a618-9c1b0b1c236d.jpg 
Reading file - filepath: /home/damian/Desktop/rdeweb/uploads/5706d793-59d4-493c-a920-02ebdbb82e54.jpg 
Reading file - filepath: /home/damian/Desktop/rdeweb/uploads/bfe33999-98fb-4377-974d-8709ed8bf21a.jpg 
Reading file - filepath: /home/damian/Desktop/rdeweb/uploads/524239d7-a6ec-423b-9d76-4b7666802fc0.jpg 
Detected 1 arrows
Detected 1 arrows
Detected 1 arrows
Detected 1 arrows
Detected 1 arrows
Detected 1 arrows
Detected 1 arrows
Found 2 panels of chemical diagrams
Found 2 panels of chemical diagrams
Found 2 panels of chemical diagrams
Found 2 panels of chemical diagrams
Found 2 panels of chemical diagrams
Found 2 panels of chemical diagrams
Found 2 panels of chemical diagrams
Found 2 panels of chemical diagrams
Extraction started...
Reading file - filepath: /home/damian/Desktop/rdeweb/uploads/ad7ddac8-977c-460c-9f2c-d5018428ddf1.jpg 
Detected 1 arrows
Extraction started...
Reading file - filepath: /home/damian/Desktop/rdeweb/uploads/ee8da550-d13a-4a77-8410-615c3c27c05b.jpg 
Detected 1 arrows
Found 2 panels of chemical diagrams
Found 2 panels of chemical diagrams
Label extraction process finished.
Label extraction process finished.
Diagrams have been optically recognised.
Scheme completed without errors.
Extraction started...
Reading file - filepath: /home/damian/Desktop/rdeweb/uploads/0163c496-58a5-4570-bb8c-56870c6ebe61.jpg 
Detected 1 arrows
Found 2 panels of chemical diagrams
Label extraction process finished.
Diagrams have been optically recognised.
Scheme completed without errors.
Extraction started...
Reading file - filepath: /home/damian/Desktop/rdeweb/uploads/085587ae-3ea7-46ed-91de-23a3d9e42c57.jpg 
Detected 1 arrows
Found 2 panels of chemical diagrams
Label extraction process finished.
Diagrams have been optically recognised.
Scheme completed without errors.
Extraction started...
Reading file - filepath: /home/damian/Desktop/rdeweb/uploads/365f0923-fe60-4d6e-801c-e7bfbf65f5c6.jpg 
Detected 1 arrows
Found 2 panels of chemical diagrams
Label extraction process finished.
Diagrams have been optically recognised.
Scheme completed without errors.
Extraction started...
Reading file - filepath: /home/damian/Desktop/rdeweb/uploads/2e2bf761-0e83-4b0b-8d8a-74d254246616.jpg 
Detected 1 arrows
Found 2 panels of chemical diagrams
Label extraction process finished.
Diagrams have been optically recognised.
Scheme completed without errors.
Extraction started...
Reading file - filepath: /home/damian/Desktop/rdeweb/uploads/d9bd38cd-3a2f-4ea8-8f5c-d908ea9508b2.jpg 
Detected 1 arrows
Found 2 panels of chemical diagrams
Label extraction process finished.
Diagrams have been optically recognised.
Scheme completed without errors.
Extraction started...
Reading file - filepath: /home/damian/Desktop/rdeweb/uploads/bf220139-269d-4e29-b6e5-7c96d26ce70f.jpg 
Detected 1 arrows
Found 2 panels of chemical diagrams
Label extraction process finished.
Diagrams have been optically recognised.
Scheme completed without errors.
Extraction started...
Reading file - filepath: /home/damian/Desktop/rdeweb/uploads/7d010916-1121-481e-898c-b0d706520c81.jpg 
Detected 1 arrows
Found 2 panels of chemical diagrams
Label extraction process finished.
Diagrams have been optically recognised.
Scheme completed without errors.
Extraction started...
Reading file - filepath: /home/damian/Desktop/rdeweb/uploads/ef1a478d-00af-43c5-8fba-0ea60d4f54bc.jpg 
Detected 1 arrows
Found 2 panels of chemical diagrams
Label extraction process finished.
Diagrams have been optically recognised.
Scheme completed without errors.
Extraction started...
Reading file - filepath: /home/damian/Desktop/rdeweb/uploads/94b5646d-71ca-4f5c-9261-ee964a9cd44d.jpg 
Detected 1 arrows
Found 2 panels of chemical diagrams
Label extraction process finished.
Diagrams have been optically recognised.
Scheme completed without errors.
Extraction started...
Reading file - filepath: /home/damian/Desktop/rdeweb/uploads/97085e49-81b7-4878-862b-7767aaed6749.jpg 
Detected 1 arrows
Found 2 panels of chemical diagrams
Label extraction process finished.
Diagrams have been optically recognised.
Scheme completed without errors.
Extraction started...
Reading file - filepath: /home/damian/Desktop/rdeweb/uploads/cf7ab424-273a-43f4-ab3d-4d28bd898c97.jpg 
Detected 1 arrows
Found 2 panels of chemical diagrams
Label extraction process finished.
Diagrams have been optically recognised.
Scheme completed without errors.
Extraction started...
Reading file - filepath: /home/damian/Desktop/rdeweb/uploads/0d8fde1d-fc02-4650-805b-0cb023b0c1f3.jpg 
Detected 1 arrows
Found 2 panels of chemical diagrams
Label extraction process finished.
Diagrams have been optically recognised.
Scheme completed without errors.
Extraction started...
Reading file - filepath: /home/damian/Desktop/rdeweb/uploads/562a15cd-0374-45a7-a759-6902207f8dd1.jpg 
Detected 1 arrows
Found 2 panels of chemical diagrams
Label extraction process finished.
Diagrams have been optically recognised.
Scheme completed without errors.
Extraction started...
Reading file - filepath: /home/damian/Desktop/rdeweb/uploads/2ba35dde-160a-4636-a56c-6adfabf8d25e.jpg 
Detected 1 arrows
Found 2 panels of chemical diagrams
Label extraction process finished.
Diagrams have been optically recognised.
Scheme completed without errors.
Extraction started...
Reading file - filepath: /home/damian/Desktop/rdeweb/uploads/b741b3eb-fbc2-41b3-ba07-3050cd986cf6.jpg 
Detected 1 arrows
Found 2 panels of chemical diagrams
Label extraction process finished.
Diagrams have been optically recognised.
Scheme completed without errors.
Extraction started...
Reading file - filepath: /home/damian/Desktop/rdeweb/uploads/d0c67623-7bd2-4564-baac-70f4ed0d0ced.jpg 
Detected 1 arrows
Found 2 panels of chemical diagrams
Label extraction process finished.
Diagrams have been optically recognised.
Scheme completed without errors.
Extraction started...
Reading file - filepath: /home/damian/Desktop/rdeweb/uploads/0ce849da-f2fa-4ff4-9878-3f153fc013c7.jpg 
Detected 1 arrows
Found 2 panels of chemical diagrams
Label extraction process finished.
Diagrams have been optically recognised.
Scheme completed without errors.
Extraction started...
Reading file - filepath: /home/damian/Desktop/rdeweb/uploads/ca88ab37-dd90-4358-92b5-139751661b0e.jpg 
Detected 1 arrows
Found 2 panels of chemical diagrams
Label extraction process finished.
Diagrams have been optically recognised.
Scheme completed without errors.
Extraction started...
Reading file - filepath: /home/damian/Desktop/rdeweb/uploads/f88a8f2b-1d34-445e-be4c-b1fe778c8062.jpg 
Detected 1 arrows
Found 2 panels of chemical diagrams
Label extraction process finished.
Diagrams have been optically recognised.
Scheme completed without errors.
Extraction started...
Reading file - filepath: /home/damian/Desktop/rdeweb/uploads/2e1a3b18-608d-414a-8b77-14ed2c93db9c.jpg 
Detected 1 arrows
Found 2 panels of chemical diagrams
Label extraction process finished.
Diagrams have been optically recognised.
Scheme completed without errors.
Extraction started...
Reading file - filepath: /home/damian/Desktop/rdeweb/uploads/1302adbb-a8b1-4d44-9256-15901bb4707f.jpg 
Detected 1 arrows
Found 2 panels of chemical diagrams
Label extraction process finished.
Diagrams have been optically recognised.
Scheme completed without errors.
Extraction started...
Reading file - filepath: /home/damian/Desktop/rdeweb/uploads/ce53ce2f-e0d7-4f10-9fd8-d35fc9d7ae63.jpg 
Detected 1 arrows
Found 2 panels of chemical diagrams
Label extraction process finished.
Diagrams have been optically recognised.
Scheme completed without errors.
Extraction started...
Reading file - filepath: /home/damian/Desktop/rdeweb/uploads/62a6dd39-1b14-4425-bf5a-9cf4c6fdaca7.jpg 
Detected 1 arrows
Found 2 panels of chemical diagrams
Label extraction process finished.
Diagrams have been optically recognised.
Scheme completed without errors.
Extraction started...
Reading file - filepath: /home/damian/Desktop/rdeweb/uploads/cd2dd2e0-372f-4e9c-80d7-c8c73dc380d6.jpg 
Detected 1 arrows
Found 2 panels of chemical diagrams
Label extraction process finished.
Diagrams have been optically recognised.
Scheme completed without errors.
Extraction started...
Reading file - filepath: /home/damian/Desktop/rdeweb/uploads/f6abfaa2-ca5b-41b7-9a47-c1f00b13154d.jpg 
Detected 1 arrows
Found 2 panels of chemical diagrams
Label extraction process finished.
Diagrams have been optically recognised.
Scheme completed without errors.
Extraction started...
Reading file - filepath: /home/damian/Desktop/rdeweb/uploads/269f7edc-8a93-44e1-a3d2-44578e71b169.jpeg 
Detected 3 arrows
Found 5 panels of chemical diagrams
Label extraction process finished.
Diagrams have been optically recognised.
Scheme completed without errors.
